{"C:\\Users\\Mo_z_\\Desktop\\MissionReadyCourses\\Level5\\Mission1\\Task4API1\\serverCarValue.js": {"path":"C:\\Users\\Mo_z_\\Desktop\\MissionReadyCourses\\Level5\\Mission1\\Task4API1\\serverCarValue.js","statementMap":{"0":{"start":{"line":1,"column":16},"end":{"line":1,"column":34}},"1":{"start":{"line":4,"column":12},"end":{"line":4,"column":21}},"2":{"start":{"line":6,"column":0},"end":{"line":6,"column":24}},"3":{"start":{"line":8,"column":0},"end":{"line":8,"column":41}},"4":{"start":{"line":9,"column":0},"end":{"line":9,"column":21}},"5":{"start":{"line":11,"column":11},"end":{"line":40,"column":1}},"6":{"start":{"line":44,"column":24},"end":{"line":49,"column":5}},"7":{"start":{"line":45,"column":27},"end":{"line":45,"column":63}},"8":{"start":{"line":47,"column":26},"end":{"line":47,"column":79}},"9":{"start":{"line":50,"column":2},"end":{"line":52,"column":3}},"10":{"start":{"line":51,"column":4},"end":{"line":51,"column":40}},"11":{"start":{"line":53,"column":2},"end":{"line":55,"column":3}},"12":{"start":{"line":54,"column":4},"end":{"line":54,"column":38}},"13":{"start":{"line":57,"column":19},"end":{"line":57,"column":45}},"14":{"start":{"line":59,"column":2},"end":{"line":59,"column":41}},"15":{"start":{"line":62,"column":0},"end":{"line":65,"column":3}},"16":{"start":{"line":63,"column":17},"end":{"line":63,"column":67}},"17":{"start":{"line":63,"column":35},"end":{"line":63,"column":66}},"18":{"start":{"line":64,"column":2},"end":{"line":64,"column":19}},"19":{"start":{"line":67,"column":13},"end":{"line":67,"column":29}},"20":{"start":{"line":69,"column":0},"end":{"line":71,"column":3}},"21":{"start":{"line":70,"column":2},"end":{"line":70,"column":55}},"22":{"start":{"line":73,"column":0},"end":{"line":73,"column":27}}},"fnMap":{"0":{"name":"EstCarValue","decl":{"start":{"line":42,"column":9},"end":{"line":42,"column":20}},"loc":{"start":{"line":42,"column":33},"end":{"line":60,"column":1}},"line":42},"1":{"name":"(anonymous_1)","decl":{"start":{"line":45,"column":12},"end":{"line":45,"column":13}},"loc":{"start":{"line":45,"column":27},"end":{"line":45,"column":63}},"line":45},"2":{"name":"(anonymous_2)","decl":{"start":{"line":47,"column":6},"end":{"line":47,"column":7}},"loc":{"start":{"line":47,"column":26},"end":{"line":47,"column":79}},"line":47},"3":{"name":"(anonymous_3)","decl":{"start":{"line":62,"column":13},"end":{"line":62,"column":14}},"loc":{"start":{"line":62,"column":27},"end":{"line":65,"column":1}},"line":62},"4":{"name":"(anonymous_4)","decl":{"start":{"line":63,"column":26},"end":{"line":63,"column":27}},"loc":{"start":{"line":63,"column":35},"end":{"line":63,"column":66}},"line":63},"5":{"name":"(anonymous_5)","decl":{"start":{"line":69,"column":17},"end":{"line":69,"column":18}},"loc":{"start":{"line":69,"column":23},"end":{"line":71,"column":1}},"line":69}},"branchMap":{"0":{"loc":{"start":{"line":45,"column":27},"end":{"line":45,"column":63}},"type":"binary-expr","locations":[{"start":{"line":45,"column":27},"end":{"line":45,"column":43}},{"start":{"line":45,"column":47},"end":{"line":45,"column":63}}],"line":45},"1":{"loc":{"start":{"line":50,"column":2},"end":{"line":52,"column":3}},"type":"if","locations":[{"start":{"line":50,"column":2},"end":{"line":52,"column":3}},{"start":{},"end":{}}],"line":50},"2":{"loc":{"start":{"line":53,"column":2},"end":{"line":55,"column":3}},"type":"if","locations":[{"start":{"line":53,"column":2},"end":{"line":55,"column":3}},{"start":{},"end":{}}],"line":53}},"s":{"0":1,"1":1,"2":1,"3":1,"4":1,"5":1,"6":7,"7":104,"8":82,"9":7,"10":1,"11":6,"12":1,"13":5,"14":5,"15":1,"16":1,"17":7,"18":1,"19":1,"20":1,"21":1,"22":1},"f":{"0":7,"1":104,"2":82,"3":1,"4":7,"5":1},"b":{"0":[104,82],"1":[1,6],"2":[1,5]},"_coverageSchema":"1a1c01bbd47fc00a2c39e90264f33305004495a9","hash":"75cc4758cd6fa9de4369f42c51429fb234b2347e"}
}
