TN:
SF:serverCarValue.js
FN:42,EstCarValue
FN:45,(anonymous_1)
FN:47,(anonymous_2)
FN:62,(anonymous_3)
FN:63,(anonymous_4)
FN:69,(anonymous_5)
FNF:6
FNH:6
FNDA:7,EstCarValue
FNDA:104,(anonymous_1)
FNDA:82,(anonymous_2)
FNDA:1,(anonymous_3)
FNDA:7,(anonymous_4)
FNDA:1,(anonymous_5)
DA:1,1
DA:4,1
DA:6,1
DA:8,1
DA:9,1
DA:11,1
DA:44,7
DA:45,104
DA:47,82
DA:50,7
DA:51,1
DA:53,6
DA:54,1
DA:57,5
DA:59,5
DA:62,1
DA:63,7
DA:64,1
DA:67,1
DA:69,1
DA:70,1
DA:73,1
LF:22
LH:22
BRDA:45,0,0,104
BRDA:45,0,1,82
BRDA:50,1,0,1
BRDA:50,1,1,6
BRDA:53,2,0,1
BRDA:53,2,1,5
BRF:6
BRH:6
end_of_record
